{
  "RSpec": {
    "coverage": {
      "/home/artyom/projects/cdg-practice/lesson6/app.rb": {
        "lines": [
          1,
          1,
          null,
          1,
          1,
          6,
          null,
          12,
          6,
          null,
          6,
          null,
          4,
          4,
          null,
          2,
          null,
          null,
          null,
          1,
          4,
          null,
          4,
          null,
          1,
          null,
          2,
          null,
          1,
          null,
          null,
          4,
          null,
          null
        ]
      },
      "/home/artyom/projects/cdg-practice/lesson6/atm.rb": {
        "lines": [
          1,
          null,
          1,
          1,
          1,
          null,
          1,
          10,
          10,
          10,
          10,
          null,
          null,
          1,
          3,
          1,
          null,
          2,
          2,
          2,
          2,
          null,
          2,
          null,
          null,
          null,
          1,
          5,
          2,
          3,
          1,
          null,
          2,
          2,
          2,
          2,
          null,
          2,
          null,
          null,
          null,
          1,
          2,
          null,
          null,
          1,
          null,
          1,
          28,
          null,
          null
        ]
      }
    },
    "timestamp": 1672340530
  }
}
